STAGE2:  YOUR NAME(S)       Mon Nov 28 09:26:16 2022

LINE NO.              SOURCE STATEMENT

    1|program stage2no207;
    2|  var x,y,a,b:integer;
    3|      c,d:integer;
    4|  begin
    5|    read(x);
    6|    read(a);
    7|    read(y);
    8|    read(b);
    9|    c := 0;
   10|    if x > a then
   11|      if (y < b) then
   12|        begin
   13|          c:=a+b;
   14|          d:=y+2;
   15|        end;
   16|    else
   17|      c:=1;
   18|      d:=y+3;
   19|    write(c);
   20|    write(d);
   21|end.

COMPILATION TERMINATED      0 ERRORS ENCOUNTERED
