a is invalid
b is invalid
aa is invalid
ab is invalid
ba is invalid
bb is invalid
aaa is invalid
aab is valid
aba is valid
abb is invalid
baa is valid
bab is invalid
bba is invalid
bbb is invalid
aaba is invalid
aabb is invalid
abab is invalid
babb is invalid
bbba is invalid
aaaab is invalid
aabab is invalid
baaaa is invalid
aaaabb is valid
aaabab is valid
aaabba is valid
aabaab is valid
aababa is valid
aabbaa is valid
abaaab is valid
abaaba is valid
ababaa is valid
abbaaa is valid
baaaab is valid
baaaba is valid
baabaa is valid
babaaa is valid
bbaaaa is valid
aaabbbb is invalid
baaabaab is invalid
bbaaaaab is invalid
bbbaaaaa is invalid
aaaaaabbbb is invalid
aaaabbbbbb is invalid
bbbbaaaaaa is invalid
