STAGE1:  Jeff Caldwell, Kangmin Kim       Sun Nov 27 09:52:21 2022

LINE NO.               SOURCE STATEMENT

    1|program stage1no163;
    2|const
    3|  a = true;
    4|  b = false;
    5|  c = not false;
    6|  d = not true;
    7|  e = 5;
    8|  f = +5;
    9|  g = -5;
   10|  h = g;
   11|var
   12|  i, j : integer;
   13|  k : boolean;
   14|begin
   15|  read(i) 
   16|  ; read(j);
   17|  write(i, j);
   18|  k := not (a = c); {legal}
   19|  k := not true; {legal}
   20|  k := not c; {legal}
   21|  i := +(e + f); {legal}
   22|  i := +4301; {legal}
   23|  i := +g; {legal}
   24|  i := +const;
Error: Line 24: expected '(', integer, or non-keyword id; found const

COMPILATION TERMINATED      1 ERROR ENCOUNTERED
